<?xml version="1.0" encoding="utf-8"?><testsuites name="pytest tests"><testsuite name="pytest" errors="0" failures="0" skipped="0" tests="13" time="2.568" timestamp="2026-04-19T05:09:56.660712+00:00" hostname="agent-env-30963d8b-c211-49a9-aeb6-7319e19158a8"><testcase classname="backend.tests.test_spynad_api" name="test_health" time="0.247" /><testcase classname="backend.tests.test_spynad_api" name="test_create_contact" time="0.144" /><testcase classname="backend.tests.test_spynad_api" name="test_create_contact_no_mongo_id" time="0.122" /><testcase classname="backend.tests.test_spynad_api" name="test_create_contact_invalid_email" time="0.109" /><testcase classname="backend.tests.test_spynad_api" name="test_admin_login_success" time="0.333" /><testcase classname="backend.tests.test_spynad_api" name="test_admin_login_wrong_password" time="0.326" /><testcase classname="backend.tests.test_spynad_api" name="test_admin_login_wrong_email" time="0.101" /><testcase classname="backend.tests.test_spynad_api" name="test_list_contacts_no_token" time="0.112" /><testcase classname="backend.tests.test_spynad_api" name="test_list_contacts_with_token" time="0.428" /><testcase classname="backend.tests.test_spynad_api" name="test_contacts_sorted_desc" time="0.109" /><testcase classname="backend.tests.test_spynad_api" name="test_delete_contact" time="0.213" /><testcase classname="backend.tests.test_spynad_api" name="test_delete_nonexistent_contact" time="0.147" /><testcase classname="backend.tests.test_spynad_api" name="test_delete_contact_no_token" time="0.104" /></testsuite></testsuites>